{
  "RSpec": {
    "coverage": {
      "/Users/cadenjarrett/mod_3_work/challenges/viewing_party_lite_challenge/app/helpers/application_helper.rb": {
        "lines": [
          1,
          null
        ]
      },
      "/Users/cadenjarrett/mod_3_work/challenges/viewing_party_lite_challenge/app/models/user.rb": {
        "lines": [
          1,
          1,
          1,
          null,
          1,
          1,
          1,
          1,
          null,
          1,
          null
        ]
      },
      "/Users/cadenjarrett/mod_3_work/challenges/viewing_party_lite_challenge/app/models/application_record.rb": {
        "lines": [
          1,
          1,
          null
        ]
      },
      "/Users/cadenjarrett/mod_3_work/challenges/viewing_party_lite_challenge/app/controllers/welcome_controller.rb": {
        "lines": [
          1,
          null,
          1,
          1,
          null,
          null,
          null
        ]
      },
      "/Users/cadenjarrett/mod_3_work/challenges/viewing_party_lite_challenge/app/controllers/application_controller.rb": {
        "lines": [
          1,
          1,
          null,
          1,
          0,
          null,
          null,
          1,
          1,
          null,
          null,
          1,
          0,
          null,
          null
        ]
      },
      "/Users/cadenjarrett/mod_3_work/challenges/viewing_party_lite_challenge/app/controllers/sessions_controller.rb": {
        "lines": [
          1,
          null,
          1,
          null,
          null,
          1,
          1,
          1,
          1,
          1,
          1,
          null,
          0,
          0,
          null,
          null,
          null,
          1,
          0,
          0,
          null,
          null
        ]
      },
      "/Users/cadenjarrett/mod_3_work/challenges/viewing_party_lite_challenge/app/controllers/users_controller.rb": {
        "lines": [
          1,
          null,
          1,
          null,
          null,
          null,
          null,
          1,
          0,
          null,
          0,
          0,
          0,
          0,
          null,
          0,
          0,
          0,
          null,
          null,
          null,
          null,
          1,
          1,
          null,
          null,
          1,
          1,
          0,
          null,
          null
        ]
      },
      "/Users/cadenjarrett/mod_3_work/challenges/viewing_party_lite_challenge/app/models/party_user.rb": {
        "lines": [
          1,
          1,
          1,
          null
        ]
      },
      "/Users/cadenjarrett/mod_3_work/challenges/viewing_party_lite_challenge/app/models/party.rb": {
        "lines": [
          1,
          1,
          1,
          null,
          1,
          null
        ]
      },
      "/Users/cadenjarrett/mod_3_work/challenges/viewing_party_lite_challenge/app/controllers/movies_controller.rb": {
        "lines": [
          1,
          null,
          null,
          null,
          null,
          null,
          null,
          null,
          null,
          null,
          null,
          null,
          null,
          null,
          null,
          1,
          1,
          null,
          null,
          1,
          1,
          0,
          null,
          1,
          null,
          null,
          null,
          1,
          0,
          0,
          0,
          null,
          null,
          null
        ]
      },
      "/Users/cadenjarrett/mod_3_work/challenges/viewing_party_lite_challenge/app/facades/movie_facade.rb": {
        "lines": [
          1,
          null,
          1,
          41,
          null,
          null,
          1,
          0,
          null,
          null,
          1,
          0,
          null,
          null
        ]
      },
      "/Users/cadenjarrett/mod_3_work/challenges/viewing_party_lite_challenge/app/services/movie_service.rb": {
        "lines": [
          1,
          null,
          1,
          0,
          0,
          null,
          null,
          0,
          0,
          0,
          0,
          null,
          0,
          null,
          null,
          1,
          1,
          1,
          null,
          null,
          1,
          1,
          null,
          1,
          1,
          null,
          1,
          null,
          null,
          1,
          null,
          0,
          0,
          null,
          null,
          0,
          0,
          0,
          null,
          0,
          0,
          0,
          0,
          0,
          0,
          0,
          null,
          null
        ]
      },
      "/Users/cadenjarrett/mod_3_work/challenges/viewing_party_lite_challenge/app/poros/movie.rb": {
        "lines": [
          1,
          1,
          null,
          null,
          null,
          null,
          null,
          null,
          null,
          null,
          null,
          null,
          1,
          40,
          40,
          40,
          40,
          40,
          40,
          40,
          40,
          40,
          40,
          null,
          null
        ]
      },
      "/Users/cadenjarrett/mod_3_work/challenges/viewing_party_lite_challenge/app/mailers/application_mailer.rb": {
        "lines": [
          0,
          0,
          0,
          0
        ],
        "branches": {
        }
      },
      "/Users/cadenjarrett/mod_3_work/challenges/viewing_party_lite_challenge/app/jobs/application_job.rb": {
        "lines": [
          0,
          0
        ],
        "branches": {
        }
      },
      "/Users/cadenjarrett/mod_3_work/challenges/viewing_party_lite_challenge/app/controllers/parties_controller.rb": {
        "lines": [
          0,
          null,
          0,
          0,
          0,
          0,
          0,
          null,
          0,
          0,
          0,
          0,
          0,
          0,
          0,
          0,
          0,
          0,
          0,
          0,
          null,
          0,
          0,
          null,
          null,
          null,
          null,
          null,
          null,
          0
        ],
        "branches": {
        }
      },
      "/Users/cadenjarrett/mod_3_work/challenges/viewing_party_lite_challenge/app/channels/application_cable/connection.rb": {
        "lines": [
          0,
          0,
          0,
          0
        ],
        "branches": {
        }
      },
      "/Users/cadenjarrett/mod_3_work/challenges/viewing_party_lite_challenge/app/channels/application_cable/channel.rb": {
        "lines": [
          0,
          0,
          0,
          0
        ],
        "branches": {
        }
      }
    },
    "timestamp": 1658344841
  }
}
